#-----------------------------------------------------------
# Vivado v2021.2 (64-bit)
# SW Build 3367213 on Tue Oct 19 02:48:09 MDT 2021
# IP Build 3369179 on Thu Oct 21 08:25:16 MDT 2021
# Start of session at: Tue Apr 26 15:30:55 2022
# Process ID: 2624
# Current directory: E:/FPGA/vivado_project/Handshakes/Handshakes_r
# Command line: vivado.exe -gui_launcher_event rodinguilauncherevent31400 E:\FPGA\vivado_project\Handshakes\Handshakes_r\Handshakes_r.xpr
# Log file: E:/FPGA/vivado_project/Handshakes/Handshakes_r/vivado.log
# Journal file: E:/FPGA/vivado_project/Handshakes/Handshakes_r\vivado.jou
# Running On: SKY-20190703VPD, OS: Windows, CPU Frequency: 3192 MHz, CPU Physical cores: 6, Host memory: 34216 MB
#-----------------------------------------------------------
start_gui
open_project E:/FPGA/vivado_project/Handshakes/Handshakes_r/Handshakes_r.xpr
WARNING: [Board 49-26] cannot add Board Part xilinx.com:vck190_es:part0:1.3 available at E:/software_all/vivado/Vivado/2021.2/data/xhub/boards/XilinxBoardStore/boards/Xilinx/vck190/es/1.3/board.xml as part xcvc1902-vsva2197-2mp-e-s-es1 specified in board_part file is either invalid or not available
WARNING: [Board 49-26] cannot add Board Part xilinx.com:vmk180_es:part0:1.3 available at E:/software_all/vivado/Vivado/2021.2/data/xhub/boards/XilinxBoardStore/boards/Xilinx/vmk180/es/1.3/board.xml as part xcvm1802-vsva2197-2mp-e-s-es1 specified in board_part file is either invalid or not available
WARNING: [Board 49-26] cannot add Board Part xilinx.com:vpk120_es:part0:1.2 available at E:/software_all/vivado/Vivado/2021.2/data/xhub/boards/XilinxBoardStore/boards/Xilinx/vpk120/es/1.2/board.xml as part xcvp1202-vsva2785-2mp-e-s-es1 specified in board_part file is either invalid or not available
WARNING: [Board 49-26] cannot add Board Part xilinx.com:zcu208_es:part0:1.0 available at E:/software_all/vivado/Vivado/2021.2/data/xhub/boards/XilinxBoardStore/boards/Xilinx/zcu208/es/1.0/board.xml as part xczu48dr-fsvg1517-2-e-es1 specified in board_part file is either invalid or not available
WARNING: [Board 49-26] cannot add Board Part xilinx.com:zcu208_es:part0:1.1 available at E:/software_all/vivado/Vivado/2021.2/data/xhub/boards/XilinxBoardStore/boards/Xilinx/zcu208/es/1.1/board.xml as part xczu48dr-fsvg1517-2-e-es1 specified in board_part file is either invalid or not available
WARNING: [Board 49-26] cannot add Board Part xilinx.com:zcu208_es:part0:1.2 available at E:/software_all/vivado/Vivado/2021.2/data/xhub/boards/XilinxBoardStore/boards/Xilinx/zcu208/es/1.2/board.xml as part xczu48dr-fsvg1517-2-e-es1 specified in board_part file is either invalid or not available
WARNING: [Board 49-26] cannot add Board Part xilinx.com:zcu208ld:part0:2.0 available at E:/software_all/vivado/Vivado/2021.2/data/xhub/boards/XilinxBoardStore/boards/Xilinx/zcu208ld/production/2.0/board.xml as part xczu58dr-fsvg1517-2-i specified in board_part file is either invalid or not available
WARNING: [Board 49-26] cannot add Board Part xilinx.com:zcu208ld_es:part0:1.0 available at E:/software_all/vivado/Vivado/2021.2/data/xhub/boards/XilinxBoardStore/boards/Xilinx/zcu208ld/es/1.0/board.xml as part xczu58dr-fsvg1517-2-i-es1 specified in board_part file is either invalid or not available
WARNING: [Board 49-26] cannot add Board Part xilinx.com:zcu216_es:part0:1.0 available at E:/software_all/vivado/Vivado/2021.2/data/xhub/boards/XilinxBoardStore/boards/Xilinx/zcu216/es/1.0/board.xml as part xczu49dr-ffvf1760-2-e-es1 specified in board_part file is either invalid or not available
WARNING: [Board 49-26] cannot add Board Part xilinx.com:zcu216_es:part0:1.1 available at E:/software_all/vivado/Vivado/2021.2/data/xhub/boards/XilinxBoardStore/boards/Xilinx/zcu216/es/1.1/board.xml as part xczu49dr-ffvf1760-2-e-es1 specified in board_part file is either invalid or not available
WARNING: [Board 49-26] cannot add Board Part xilinx.com:zcu216_es:part0:1.2 available at E:/software_all/vivado/Vivado/2021.2/data/xhub/boards/XilinxBoardStore/boards/Xilinx/zcu216/es/1.2/board.xml as part xczu49dr-ffvf1760-2-e-es1 specified in board_part file is either invalid or not available
WARNING: [Board 49-26] cannot add Board Part xilinx.com:zcu216ld:part0:2.0 available at E:/software_all/vivado/Vivado/2021.2/data/xhub/boards/XilinxBoardStore/boards/Xilinx/zcu216ld/production/2.0/board.xml as part xczu59dr-ffvf1760-2-i specified in board_part file is either invalid or not available
WARNING: [Board 49-26] cannot add Board Part xilinx.com:zcu216ld_es:part0:1.0 available at E:/software_all/vivado/Vivado/2021.2/data/xhub/boards/XilinxBoardStore/boards/Xilinx/zcu216ld/es/1.0/board.xml as part xczu59dr-ffvf1760-2-i-es1 specified in board_part file is either invalid or not available
WARNING: [Board 49-26] cannot add Board Part xilinx.com:zcu670:part0:1.0 available at E:/software_all/vivado/Vivado/2021.2/data/xhub/boards/XilinxBoardStore/boards/Xilinx/zcu670/1.0/board.xml as part xczu67dr-fsve1156-2-i specified in board_part file is either invalid or not available
INFO: [filemgmt 56-3] Default IP Output Path : Could not find the directory 'E:/FPGA/vivado_project/Handshakes/Handshakes_r/Handshakes_r.gen/sources_1'.
Scanning sources...
Finished scanning sources
INFO: [IP_Flow 19-234] Refreshing IP repositories
INFO: [IP_Flow 19-1704] No user IP repositories specified
INFO: [IP_Flow 19-2313] Loaded Vivado IP repository 'E:/software_all/vivado/Vivado/2021.2/data/ip'.
open_project: Time (s): cpu = 00:00:16 ; elapsed = 00:00:06 . Memory (MB): peak = 1412.930 ; gain = 0.000
update_compile_order -fileset sources_1
launch_simulation
Command: launch_simulation 
INFO: [Vivado 12-12493] Simulation top is 'top_module'
WARNING: [Vivado 12-12986] Compiled library path does not exist: ''
INFO: [Vivado 12-5682] Launching behavioral simulation in 'E:/FPGA/vivado_project/Handshakes/Handshakes_r/Handshakes_r.sim/sim_1/behav/xsim'
INFO: [SIM-utils-51] Simulation object is 'sim_1'
INFO: [SIM-utils-72] Using boost library from 'E:/software_all/vivado/Vivado/2021.2/tps/boost_1_72_0'
INFO: [SIM-utils-54] Inspecting design source files for 'top_module' in fileset 'sim_1'...
INFO: [USF-XSim-97] Finding global include files...
INFO: [USF-XSim-98] Fetching design files from 'sim_1'...
INFO: [USF-XSim-2] XSim::Compile design
INFO: [USF-XSim-61] Executing 'COMPILE and ANALYZE' step in 'E:/FPGA/vivado_project/Handshakes/Handshakes_r/Handshakes_r.sim/sim_1/behav/xsim'
"xvlog --incr --relax -prj top_module_vlog.prj"
INFO: [USF-XSim-69] 'compile' step finished in '1' seconds
INFO: [USF-XSim-3] XSim::Elaborate design
INFO: [USF-XSim-61] Executing 'ELABORATE' step in 'E:/FPGA/vivado_project/Handshakes/Handshakes_r/Handshakes_r.sim/sim_1/behav/xsim'
"xelab --incr --debug typical --relax --mt 2 -L xil_defaultlib -L unisims_ver -L unimacro_ver -L secureip --snapshot top_module_behav xil_defaultlib.top_module xil_defaultlib.glbl -log elaborate.log"
Vivado Simulator v2021.2
Copyright 1986-1999, 2001-2021 Xilinx, Inc. All Rights Reserved.
Running: E:/software_all/vivado/Vivado/2021.2/bin/unwrapped/win64.o/xelab.exe --incr --debug typical --relax --mt 2 -L xil_defaultlib -L unisims_ver -L unimacro_ver -L secureip --snapshot top_module_behav xil_defaultlib.top_module xil_defaultlib.glbl -log elaborate.log 
Using 2 slave threads.
Starting static elaboration
Pass Through NonSizing Optimizer
Completed static elaboration
INFO: [XSIM 43-4323] No Change in HDL. Linking previously generated obj files to create kernel
INFO: [USF-XSim-69] 'elaborate' step finished in '1' seconds
INFO: [USF-XSim-4] XSim::Simulate design
INFO: [USF-XSim-61] Executing 'SIMULATE' step in 'E:/FPGA/vivado_project/Handshakes/Handshakes_r/Handshakes_r.sim/sim_1/behav/xsim'
INFO: [USF-XSim-98] *** Running xsim
   with args "top_module_behav -key {Behavioral:sim_1:Functional:top_module} -tclbatch {top_module.tcl} -view {E:/FPGA/vivado_project/Handshakes/Handshakes_r/Handshakes_r.sim/sim_1/behav/xsim/top_module_behav.wcfg} -log {simulate.log}"
INFO: [USF-XSim-8] Loading simulator feature
Time resolution is 1 ps
open_wave_config E:/FPGA/vivado_project/Handshakes/Handshakes_r/Handshakes_r.sim/sim_1/behav/xsim/top_module_behav.wcfg
source top_module.tcl
# set curr_wave [current_wave_config]
# if { [string length $curr_wave] == 0 } {
#   if { [llength [get_objects]] > 0} {
#     add_wave /
#     set_property needs_save false [current_wave_config]
#   } else {
#      send_msg_id Add_Wave-1 WARNING "No top level signals found. Simulator will start without a wave window. If you want to open a wave window go to 'File->New Waveform Configuration' or type 'create_wave_config' in the TCL console."
#   }
# }
# run 1000ns
INFO: [USF-XSim-96] XSim completed. Design snapshot 'top_module_behav' loaded.
INFO: [USF-XSim-97] XSim simulation ran for 1000ns
launch_simulation: Time (s): cpu = 00:00:05 ; elapsed = 00:00:05 . Memory (MB): peak = 1412.930 ; gain = 0.000
run 100 ns
restart
INFO: [Simtcl 6-17] Simulation restarted
run 100 ns
run 100 ns
reset_run synth_1
INFO: [Project 1-1161] Replacing file E:/FPGA/vivado_project/Handshakes/Handshakes_r/Handshakes_r.srcs/utils_1/imports/synth_1/top_module.dcp with file E:/FPGA/vivado_project/Handshakes/Handshakes_r/Handshakes_r.runs/synth_1/top_module.dcp
WARNING: [Vivado 12-1017] Problems encountered:
1. Failed to delete one or more files in run directory E:/FPGA/vivado_project/Handshakes/Handshakes_r/Handshakes_r.runs/synth_1

launch_runs synth_1 -jobs 6
[Tue Apr 26 18:38:55 2022] Launched synth_1...
Run output will be captured here: E:/FPGA/vivado_project/Handshakes/Handshakes_r/Handshakes_r.runs/synth_1/runme.log
close_sim
INFO: [Simtcl 6-16] Simulation closed
launch_simulation
Command: launch_simulation 
INFO: [Vivado 12-12493] Simulation top is 'top_module'
WARNING: [Vivado 12-12986] Compiled library path does not exist: ''
INFO: [Vivado 12-5682] Launching behavioral simulation in 'E:/FPGA/vivado_project/Handshakes/Handshakes_r/Handshakes_r.sim/sim_1/behav/xsim'
INFO: [SIM-utils-51] Simulation object is 'sim_1'
INFO: [SIM-utils-72] Using boost library from 'E:/software_all/vivado/Vivado/2021.2/tps/boost_1_72_0'
INFO: [SIM-utils-54] Inspecting design source files for 'top_module' in fileset 'sim_1'...
INFO: [USF-XSim-97] Finding global include files...
INFO: [USF-XSim-98] Fetching design files from 'sim_1'...
INFO: [USF-XSim-2] XSim::Compile design
INFO: [USF-XSim-61] Executing 'COMPILE and ANALYZE' step in 'E:/FPGA/vivado_project/Handshakes/Handshakes_r/Handshakes_r.sim/sim_1/behav/xsim'
"xvlog --incr --relax -prj top_module_vlog.prj"
INFO: [VRFC 10-2263] Analyzing Verilog file "E:/FPGA/vivado_project/Handshakes/Handshakes_r/Handshakes_r.srcs/sources_1/imports/Handshakes_r/hand_shake.v" into library xil_defaultlib
INFO: [VRFC 10-311] analyzing module top_module
INFO: [VRFC 10-311] analyzing module master
INFO: [VRFC 10-311] analyzing module slave
INFO: [USF-XSim-69] 'compile' step finished in '1' seconds
INFO: [USF-XSim-3] XSim::Elaborate design
INFO: [USF-XSim-61] Executing 'ELABORATE' step in 'E:/FPGA/vivado_project/Handshakes/Handshakes_r/Handshakes_r.sim/sim_1/behav/xsim'
"xelab --incr --debug typical --relax --mt 2 -L xil_defaultlib -L unisims_ver -L unimacro_ver -L secureip --snapshot top_module_behav xil_defaultlib.top_module xil_defaultlib.glbl -log elaborate.log"
Vivado Simulator v2021.2
Copyright 1986-1999, 2001-2021 Xilinx, Inc. All Rights Reserved.
Running: E:/software_all/vivado/Vivado/2021.2/bin/unwrapped/win64.o/xelab.exe --incr --debug typical --relax --mt 2 -L xil_defaultlib -L unisims_ver -L unimacro_ver -L secureip --snapshot top_module_behav xil_defaultlib.top_module xil_defaultlib.glbl -log elaborate.log 
Using 2 slave threads.
Starting static elaboration
Pass Through NonSizing Optimizer
Completed static elaboration
Starting simulation data flow analysis
Completed simulation data flow analysis
Time Resolution for simulation is 1ps
Compiling module xil_defaultlib.master
Compiling module xil_defaultlib.slave
Compiling module xil_defaultlib.top_module
Compiling module xil_defaultlib.glbl
Built simulation snapshot top_module_behav
INFO: [USF-XSim-69] 'elaborate' step finished in '2' seconds
INFO: [USF-XSim-4] XSim::Simulate design
INFO: [USF-XSim-61] Executing 'SIMULATE' step in 'E:/FPGA/vivado_project/Handshakes/Handshakes_r/Handshakes_r.sim/sim_1/behav/xsim'
INFO: [USF-XSim-98] *** Running xsim
   with args "top_module_behav -key {Behavioral:sim_1:Functional:top_module} -tclbatch {top_module.tcl} -view {E:/FPGA/vivado_project/Handshakes/Handshakes_r/Handshakes_r.sim/sim_1/behav/xsim/top_module_behav.wcfg} -log {simulate.log}"
INFO: [USF-XSim-8] Loading simulator feature
Time resolution is 1 ps
open_wave_config E:/FPGA/vivado_project/Handshakes/Handshakes_r/Handshakes_r.sim/sim_1/behav/xsim/top_module_behav.wcfg
source top_module.tcl
# set curr_wave [current_wave_config]
# if { [string length $curr_wave] == 0 } {
#   if { [llength [get_objects]] > 0} {
#     add_wave /
#     set_property needs_save false [current_wave_config]
#   } else {
#      send_msg_id Add_Wave-1 WARNING "No top level signals found. Simulator will start without a wave window. If you want to open a wave window go to 'File->New Waveform Configuration' or type 'create_wave_config' in the TCL console."
#   }
# }
# run 1000ns
INFO: [USF-XSim-96] XSim completed. Design snapshot 'top_module_behav' loaded.
INFO: [USF-XSim-97] XSim simulation ran for 1000ns
save_wave_config {E:/FPGA/vivado_project/Handshakes/Handshakes_r/Handshakes_r.sim/sim_1/behav/xsim/top_module_behav.wcfg}
close_sim
INFO: [Simtcl 6-16] Simulation closed
exit
INFO: [Common 17-206] Exiting Vivado at Tue Apr 26 19:02:53 2022...
